[debug] [2023-09-22T19:24:25.888Z] ----------------------------------------------------------------------
[debug] [2023-09-22T19:24:25.893Z] Command:       C:\Program Files\nodejs\node.exe C:\Users\Administrador\AppData\Roaming\npm\node_modules\firebase-tools\lib\bin\firebase.js init
[debug] [2023-09-22T19:24:25.893Z] CLI Version:   11.30.0
[debug] [2023-09-22T19:24:25.894Z] Platform:      win32
[debug] [2023-09-22T19:24:25.894Z] Node Version:  v20.1.0
[debug] [2023-09-22T19:24:25.894Z] Time:          Fri Sep 22 2023 14:24:25 GMT-0500 (hora estándar de Colombia)
[debug] [2023-09-22T19:24:25.894Z] ----------------------------------------------------------------------
[debug] 
[debug] [2023-09-22T19:24:25.900Z] >>> [apiv2][query] GET https://firebase-public.firebaseio.com/cli.json [none]
[debug] [2023-09-22T19:24:25.988Z] > command requires scopes: ["email","openid","https://www.googleapis.com/auth/cloudplatformprojects.readonly","https://www.googleapis.com/auth/firebase","https://www.googleapis.com/auth/cloud-platform"]
[debug] [2023-09-22T19:24:25.989Z] > authorizing via signed-in user (andresedwinmg14@gmail.com)
[info] 
     ######## #### ########  ######## ########     ###     ######  ########
     ##        ##  ##     ## ##       ##     ##  ##   ##  ##       ##
     ######    ##  ########  ######   ########  #########  ######  ######
     ##        ##  ##    ##  ##       ##     ## ##     ##       ## ##
     ##       #### ##     ## ######## ########  ##     ##  ######  ########

You're about to initialize a Firebase project in this directory:

  C:\Users\Administrador\Documents\GitHub\expenses-tracker

[warn] !  Unable to fetch the CLI MOTD and remote config. 
[debug] [2023-09-22T19:24:26.018Z] Failed to fetch MOTD FirebaseError: Failed to make request to https://firebase-public.firebaseio.com/cli.json
[info] 
=== Project Setup
[info] 
[info] First, let's associate this project directory with a Firebase project.
[info] You can create multiple project aliases by running firebase use --add, 
[info] but for now we'll just set up a default project.
[info] 
[debug] [2023-09-22T19:25:27.406Z] > refreshing access token with scopes: []
[debug] [2023-09-22T19:25:27.410Z] >>> [apiv2][query] POST https://www.googleapis.com/oauth2/v3/token [none]
[debug] [2023-09-22T19:25:27.410Z] >>> [apiv2][body] POST https://www.googleapis.com/oauth2/v3/token [omitted]
[debug] [2023-09-22T19:25:27.421Z] Authentication Error: Your credentials are no longer valid. Please run firebase login --reauth

For CI servers and headless environments, generate a new token with firebase login:ci
[debug] [2023-09-22T19:25:27.440Z] FirebaseError: Authentication Error: Your credentials are no longer valid. Please run firebase login --reauth

For CI servers and headless environments, generate a new token with firebase login:ci
    at invalidCredentialError (C:\Users\Administrador\AppData\Roaming\npm\node_modules\firebase-tools\lib\auth.js:144:12)
    at refreshTokens (C:\Users\Administrador\AppData\Roaming\npm\node_modules\firebase-tools\lib\auth.js:508:15)
    at process.processTicksAndRejections (node:internal/process/task_queues:95:5)
    at async Client.getAccessToken (C:\Users\Administrador\AppData\Roaming\npm\node_modules\firebase-tools\lib\apiv2.js:149:23)
    at async Client.addAuthHeader (C:\Users\Administrador\AppData\Roaming\npm\node_modules\firebase-tools\lib\apiv2.js:140:21)
    at async Client.request (C:\Users\Administrador\AppData\Roaming\npm\node_modules\firebase-tools\lib\apiv2.js:96:34)
    at async getProjectPage (C:\Users\Administrador\AppData\Roaming\npm\node_modules\firebase-tools\lib\management\projects.js:238:17)
    at async getFirebaseProjectPage (C:\Users\Administrador\AppData\Roaming\npm\node_modules\firebase-tools\lib\management\projects.js:255:23)
    at async selectProjectInteractively (C:\Users\Administrador\AppData\Roaming\npm\node_modules\firebase-tools\lib\management\projects.js:94:41)
    at async doSetup (C:\Users\Administrador\AppData\Roaming\npm\node_modules\firebase-tools\lib\init\features\project.js:88:27)
[error] 
[error] Error: Failed to list Firebase projects. See firebase-debug.log for more info.
[debug] [2023-09-22T19:33:02.816Z] ----------------------------------------------------------------------
[debug] [2023-09-22T19:33:02.821Z] Command:       C:\Program Files\nodejs\node.exe C:\Users\Administrador\AppData\Roaming\npm\node_modules\firebase-tools\lib\bin\firebase.js init
[debug] [2023-09-22T19:33:02.821Z] CLI Version:   12.5.4
[debug] [2023-09-22T19:33:02.822Z] Platform:      win32
[debug] [2023-09-22T19:33:02.822Z] Node Version:  v20.1.0
[debug] [2023-09-22T19:33:02.822Z] Time:          Fri Sep 22 2023 14:33:02 GMT-0500 (hora estándar de Colombia)
[debug] [2023-09-22T19:33:02.822Z] ----------------------------------------------------------------------
[debug] 
[debug] [2023-09-22T19:33:02.827Z] >>> [apiv2][query] GET https://firebase-public.firebaseio.com/cli.json [none]
[debug] [2023-09-22T19:33:02.881Z] > command requires scopes: ["email","openid","https://www.googleapis.com/auth/cloudplatformprojects.readonly","https://www.googleapis.com/auth/firebase","https://www.googleapis.com/auth/cloud-platform"]
[debug] [2023-09-22T19:33:02.882Z] > authorizing via signed-in user (andresedwinmg14@gmail.com)
[info] 
     ######## #### ########  ######## ########     ###     ######  ########
     ##        ##  ##     ## ##       ##     ##  ##   ##  ##       ##
     ######    ##  ########  ######   ########  #########  ######  ######
     ##        ##  ##    ##  ##       ##     ## ##     ##       ## ##
     ##       #### ##     ## ######## ########  ##     ##  ######  ########

You're about to initialize a Firebase project in this directory:

  C:\Users\Administrador\Documents\GitHub\expenses-tracker

[debug] [2023-09-22T19:33:03.301Z] <<< [apiv2][status] GET https://firebase-public.firebaseio.com/cli.json 200
[debug] [2023-09-22T19:33:03.302Z] <<< [apiv2][body] GET https://firebase-public.firebaseio.com/cli.json {"cloudBuildErrorAfter":1594252800000,"cloudBuildWarnAfter":1590019200000,"defaultNode10After":1594252800000,"minVersion":"3.0.5","node8DeploysDisabledAfter":1613390400000,"node8RuntimeDisabledAfter":1615809600000,"node8WarnAfter":1600128000000}
[info] 
=== Project Setup
[info] 
[info] First, let's associate this project directory with a Firebase project.
[info] You can create multiple project aliases by running firebase use --add, 
[info] but for now we'll just set up a default project.
[info] 
[debug] [2023-09-22T19:33:22.970Z] > refreshing access token with scopes: []
[debug] [2023-09-22T19:33:22.971Z] >>> [apiv2][query] POST https://www.googleapis.com/oauth2/v3/token [none]
[debug] [2023-09-22T19:33:22.972Z] >>> [apiv2][body] POST https://www.googleapis.com/oauth2/v3/token [omitted]
[debug] [2023-09-22T19:33:23.470Z] <<< [apiv2][status] POST https://www.googleapis.com/oauth2/v3/token 200
[debug] [2023-09-22T19:33:23.470Z] <<< [apiv2][body] POST https://www.googleapis.com/oauth2/v3/token [omitted]
[debug] [2023-09-22T19:33:23.487Z] >>> [apiv2][query] GET https://firebase.googleapis.com/v1beta1/projects pageSize=100
[debug] [2023-09-22T19:33:23.994Z] <<< [apiv2][status] GET https://firebase.googleapis.com/v1beta1/projects 200
[debug] [2023-09-22T19:33:23.994Z] <<< [apiv2][body] GET https://firebase.googleapis.com/v1beta1/projects [omitted]
[info] i  Using project expense-tracker-81e43 (expense-tracker) 
[info] 
=== Hosting Setup
[info] 
[info] Your public directory is the folder (relative to your project directory) that
[info] will contain Hosting assets to be uploaded with firebase deploy. If you
[info] have a build process for your assets, use your build's output directory.
[info] 
[info] +  Wrote public/404.html 
[debug] [2023-09-22T19:34:51.083Z] >>> [apiv2][query] GET https://www.gstatic.com/firebasejs/releases.json [none]
[debug] [2023-09-22T19:34:51.358Z] <<< [apiv2][status] GET https://www.gstatic.com/firebasejs/releases.json 200
[debug] [2023-09-22T19:34:51.358Z] <<< [apiv2][body] GET https://www.gstatic.com/firebasejs/releases.json {"current":{"version":"10.4.0","browserURL":"https://www.gstatic.com/firebasejs/10.4.0/firebase.js","packageURL":"https://www.gstatic.com/firebasejs/10.4.0/firebase.tgz"},"live":{"version":"10.4","browserURL":"https://www.gstatic.com/firebasejs/live/10.4/firebase.js","packageURL":"https://www.gstatic.com/firebasejs/live/10.4/firebase.tgz"},"components":{"analytics":"https://www.gstatic.com/firebasejs/10.4.0/firebase-analytics.js","app":"https://www.gstatic.com/firebasejs/10.4.0/firebase-app.js","app-check":"https://www.gstatic.com/firebasejs/10.4.0/firebase-app-check.js","auth":"https://www.gstatic.com/firebasejs/10.4.0/firebase-auth.js","auth/cordova":"https://www.gstatic.com/firebasejs/10.4.0/firebase-auth/cordova.js","functions":"https://www.gstatic.com/firebasejs/10.4.0/firebase-functions.js","firestore":"https://www.gstatic.com/firebasejs/10.4.0/firebase-firestore.js","firestore/lite":"https://www.gstatic.com/firebasejs/10.4.0/firebase-firestore/lite.js","installations":"https://www.gstatic.com/firebasejs/10.4.0/firebase-installations.js","storage":"https://www.gstatic.com/firebasejs/10.4.0/firebase-storage.js","performance":"https://www.gstatic.com/firebasejs/10.4.0/firebase-performance.js","remote-config":"https://www.gstatic.com/firebasejs/10.4.0/firebase-remote-config.js","messaging":"https://www.gstatic.com/firebasejs/10.4.0/firebase-messaging.js","messaging/sw":"https://www.gstatic.com/firebasejs/10.4.0/firebase-messaging/sw.js","database":"https://www.gstatic.com/firebasejs/10.4.0/firebase-database.js","firestore.memory":"https://www.gstatic.com/firebasejs/10.4.0/firebase-firestore.memory.js"}}
